  character.cpp
  game.cpp
C:\Users\Ian Ku\source\repos\groupGameCollab\groupGame\groupGame\game.cpp(799,22): warning C4018: '<': signed/unsigned mismatch
C:\Users\Ian Ku\source\repos\groupGameCollab\groupGame\groupGame\game.cpp(1046,77): warning C4244: 'argument': conversion from 'T' to 'T', possible loss of data
          with
          [
              T=unsigned int
          ]
          and
          [
              T=float
          ]
C:\Users\Ian Ku\source\repos\groupGameCollab\groupGame\groupGame\game.cpp(1053,77): warning C4244: 'argument': conversion from 'T' to 'T', possible loss of data
          with
          [
              T=unsigned int
          ]
          and
          [
              T=float
          ]
C:\Users\Ian Ku\source\repos\groupGameCollab\groupGame\groupGame\game.cpp(1060,77): warning C4244: 'argument': conversion from 'T' to 'T', possible loss of data
          with
          [
              T=unsigned int
          ]
          and
          [
              T=float
          ]
C:\Users\Ian Ku\source\repos\groupGameCollab\groupGame\groupGame\game.cpp(1092,78): warning C4244: 'argument': conversion from 'T' to 'T', possible loss of data
          with
          [
              T=unsigned int
          ]
          and
          [
              T=float
          ]
C:\Users\Ian Ku\source\repos\groupGameCollab\groupGame\groupGame\game.cpp(1096,80): warning C4244: 'argument': conversion from 'T' to 'T', possible loss of data
          with
          [
              T=unsigned int
          ]
          and
          [
              T=float
          ]
C:\Users\Ian Ku\source\repos\groupGameCollab\groupGame\groupGame\game.cpp(1226,78): warning C4244: 'argument': conversion from 'T' to 'T', possible loss of data
          with
          [
              T=unsigned int
          ]
          and
          [
              T=float
          ]
C:\Users\Ian Ku\source\repos\groupGameCollab\groupGame\groupGame\game.cpp(1230,80): warning C4244: 'argument': conversion from 'T' to 'T', possible loss of data
          with
          [
              T=unsigned int
          ]
          and
          [
              T=float
          ]
C:\Users\Ian Ku\source\repos\groupGameCollab\groupGame\groupGame\game.cpp(1279,49): warning C4244: 'argument': conversion from 'T' to 'T', possible loss of data
          with
          [
              T=unsigned int
          ]
          and
          [
              T=float
          ]
C:\Users\Ian Ku\source\repos\groupGameCollab\groupGame\groupGame\game.cpp(1351,77): warning C4244: 'argument': conversion from 'T' to 'T', possible loss of data
          with
          [
              T=unsigned int
          ]
          and
          [
              T=float
          ]
C:\Users\Ian Ku\source\repos\groupGameCollab\groupGame\groupGame\game.cpp(1359,77): warning C4244: 'argument': conversion from 'T' to 'T', possible loss of data
          with
          [
              T=unsigned int
          ]
          and
          [
              T=float
          ]
C:\Users\Ian Ku\source\repos\groupGameCollab\groupGame\groupGame\game.cpp(1433,51): warning C4244: 'argument': conversion from 'T' to 'T', possible loss of data
          with
          [
              T=unsigned int
          ]
          and
          [
              T=float
          ]
C:\Users\Ian Ku\source\repos\groupGameCollab\groupGame\groupGame\game.cpp(1494,79): warning C4244: 'argument': conversion from 'T' to 'T', possible loss of data
          with
          [
              T=unsigned int
          ]
          and
          [
              T=float
          ]
C:\Users\Ian Ku\source\repos\groupGameCollab\groupGame\groupGame\game.cpp(1502,78): warning C4244: 'argument': conversion from 'T' to 'T', possible loss of data
          with
          [
              T=unsigned int
          ]
          and
          [
              T=float
          ]
C:\Users\Ian Ku\source\repos\groupGameCollab\groupGame\groupGame\game.cpp(1506,80): warning C4244: 'argument': conversion from 'T' to 'T', possible loss of data
          with
          [
              T=unsigned int
          ]
          and
          [
              T=float
          ]
C:\Users\Ian Ku\source\repos\groupGameCollab\groupGame\groupGame\game.cpp(1526,49): warning C4244: 'argument': conversion from 'T' to 'T', possible loss of data
          with
          [
              T=unsigned int
          ]
          and
          [
              T=float
          ]
C:\Users\Ian Ku\source\repos\groupGameCollab\groupGame\groupGame\game.cpp(1737,79): warning C4244: 'argument': conversion from 'T' to 'T', possible loss of data
          with
          [
              T=unsigned int
          ]
          and
          [
              T=float
          ]
C:\Users\Ian Ku\source\repos\groupGameCollab\groupGame\groupGame\game.cpp(1743,79): warning C4244: 'argument': conversion from 'T' to 'T', possible loss of data
          with
          [
              T=unsigned int
          ]
          and
          [
              T=float
          ]
C:\Users\Ian Ku\source\repos\groupGameCollab\groupGame\groupGame\game.cpp(1755,79): warning C4244: 'argument': conversion from 'T' to 'T', possible loss of data
          with
          [
              T=unsigned int
          ]
          and
          [
              T=float
          ]
C:\Users\Ian Ku\source\repos\groupGameCollab\groupGame\groupGame\game.cpp(1761,79): warning C4244: 'argument': conversion from 'T' to 'T', possible loss of data
          with
          [
              T=unsigned int
          ]
          and
          [
              T=float
          ]
C:\Users\Ian Ku\source\repos\groupGameCollab\groupGame\groupGame\game.cpp(1767,79): warning C4244: 'argument': conversion from 'T' to 'T', possible loss of data
          with
          [
              T=unsigned int
          ]
          and
          [
              T=float
          ]
C:\Users\Ian Ku\source\repos\groupGameCollab\groupGame\groupGame\game.cpp(1773,79): warning C4244: 'argument': conversion from 'T' to 'T', possible loss of data
          with
          [
              T=unsigned int
          ]
          and
          [
              T=float
          ]
C:\Users\Ian Ku\source\repos\groupGameCollab\groupGame\groupGame\game.cpp(1911,15): warning C4244: 'initializing': conversion from 'time_t' to 'int', possible loss of data
  groupGame.cpp
C:\Users\Ian Ku\source\repos\groupGameCollab\groupGame\groupGame\groupGame.cpp(5,12): warning C4244: 'argument': conversion from 'time_t' to 'unsigned int', possible loss of data
  upgrades.cpp
  Generating Code...
  groupGame.vcxproj -> C:\Users\Ian Ku\Source\Repos\groupGameCollab\groupGame\Debug\groupGame.exe
