c:\users\weian\desktop\groupproject\groupgame\groupgame\debug\vc141.pdb
c:\users\weian\desktop\groupproject\groupgame\groupgame\debug\vc141.idb
c:\users\weian\desktop\groupproject\groupgame\groupgame\debug\player.obj
c:\users\weian\desktop\groupproject\groupgame\groupgame\debug\groupgame.obj
c:\users\weian\desktop\groupproject\groupgame\groupgame\debug\game.obj
c:\users\weian\desktop\groupproject\groupgame\groupgame\debug\entity.obj
c:\users\weian\desktop\groupproject\groupgame\groupgame\debug\bullet.obj
c:\users\weian\desktop\groupproject\groupgame\groupgame\debug\enemy.obj
c:\users\weian\desktop\groupproject\groupgame\groupgame\debug\character.obj
c:\users\weian\desktop\groupproject\groupgame\debug\groupgame.exe
c:\users\weian\desktop\groupproject\groupgame\debug\groupgame.ilk
c:\users\weian\desktop\groupproject\groupgame\debug\groupgame.pdb
c:\users\weian\desktop\groupproject\groupgame\groupgame\debug\pch.obj
c:\users\weian\desktop\groupproject\groupgame\groupgame\debug\game.obj.enc
c:\users\weian\desktop\groupproject\groupgame\groupgame\debug\groupgame.pch
c:\users\weian\desktop\groupproject\groupgame\groupgame\debug\groupgame.tlog\cl.command.1.tlog
c:\users\weian\desktop\groupproject\groupgame\groupgame\debug\groupgame.tlog\cl.read.1.tlog
c:\users\weian\desktop\groupproject\groupgame\groupgame\debug\groupgame.tlog\cl.write.1.tlog
c:\users\weian\desktop\groupproject\groupgame\groupgame\debug\groupgame.tlog\link.command.1.tlog
c:\users\weian\desktop\groupproject\groupgame\groupgame\debug\groupgame.tlog\link.read.1.tlog
c:\users\weian\desktop\groupproject\groupgame\groupgame\debug\groupgame.tlog\link.write.1.tlog
